<?xml version="1.0" encoding="UTF-8"?>
<!-- Generated by org.testng.reporters.JUnitReportReporter -->
<testsuite hostname="Forhad-PC" name="SmokeTest" tests="2" failures="0" timestamp="20 Dec 2014 20:35:56 GMT" time="0.018" errors="0">
  <testcase name="testlogin" time="0.016" classname="SmokeTest"/>
  <testcase name="testlogin" time="0.002" classname="SmokeTest"/>
</testsuite> <!-- SmokeTest -->
