<?xml version="1.0" encoding="UTF-8"?>
<!-- Generated by org.testng.reporters.JUnitReportReporter -->
<testsuite hostname="Forhad-PC" name="BaseTest" tests="2" failures="0" timestamp="20 Dec 2014 19:51:00 GMT" time="0.015" errors="0">
  <testcase name="m2" time="0.000" classname="BaseTest"/>
  <testcase name="m1" time="0.015" classname="BaseTest"/>
</testsuite> <!-- BaseTest -->
