<?xml version="1.0" encoding="UTF-8"?>
<!-- Generated by org.testng.reporters.JUnitReportReporter -->
<testsuite hostname="bittech-PC" name="com.bit.parallel.test.Test03" tests="1" failures="0" timestamp="31 Jan 2015 18:13:47 GMT" time="9.300" errors="0">
  <testcase name="testLink3" time="9.300" classname="com.bit.parallel.test.Test03"/>
</testsuite> <!-- com.bit.parallel.test.Test03 -->
