<?xml version="1.0" encoding="UTF-8"?>
<!-- Generated by org.testng.reporters.JUnitReportReporter -->
<testsuite hostname="bittech-PC" name="com.bit.parallel.test.Test05" tests="1" failures="0" timestamp="31 Jan 2015 18:13:47 GMT" time="10.664" errors="0">
  <testcase name="testBit" time="10.664" classname="com.bit.parallel.test.Test05"/>
</testsuite> <!-- com.bit.parallel.test.Test05 -->
