<?xml version="1.0" encoding="UTF-8"?>
<!-- Generated by org.testng.reporters.JUnitReportReporter -->
<testsuite hostname="bittech-PC" name="com.bit.parallel.test.Test02" tests="1" failures="0" timestamp="31 Jan 2015 18:13:47 GMT" time="12.337" errors="0">
  <testcase name="testTwitter" time="12.337" classname="com.bit.parallel.test.Test02"/>
</testsuite> <!-- com.bit.parallel.test.Test02 -->
